{"C:\\Users\\usuario\\OneDrive\\Escritorio\\Agendamiento citas\\js\\utils\\dates.js": {"path":"C:\\Users\\usuario\\OneDrive\\Escritorio\\Agendamiento citas\\js\\utils\\dates.js","statementMap":{"0":{"start":{"line":1,"column":27},"end":{"line":1,"column":141}},"1":{"start":{"line":2,"column":27},"end":{"line":2,"column":56}},"2":{"start":{"line":5,"column":12},"end":{"line":5,"column":22}},"3":{"start":{"line":6,"column":2},"end":{"line":6,"column":25}},"4":{"start":{"line":7,"column":2},"end":{"line":7,"column":11}},"5":{"start":{"line":11,"column":12},"end":{"line":11,"column":27}},"6":{"start":{"line":12,"column":2},"end":{"line":12,"column":30}},"7":{"start":{"line":13,"column":2},"end":{"line":13,"column":11}},"8":{"start":{"line":17,"column":20},"end":{"line":17,"column":46}},"9":{"start":{"line":18,"column":2},"end":{"line":18,"column":31}},"10":{"start":{"line":22,"column":12},"end":{"line":22,"column":30}},"11":{"start":{"line":23,"column":12},"end":{"line":23,"column":56}},"12":{"start":{"line":24,"column":12},"end":{"line":24,"column":51}},"13":{"start":{"line":25,"column":2},"end":{"line":25,"column":26}},"14":{"start":{"line":29,"column":2},"end":{"line":29,"column":22}},"15":{"start":{"line":29,"column":12},"end":{"line":29,"column":22}},"16":{"start":{"line":30,"column":17},"end":{"line":30,"column":31}},"17":{"start":{"line":31,"column":17},"end":{"line":31,"column":85}},"18":{"start":{"line":32,"column":17},"end":{"line":32,"column":131}},"19":{"start":{"line":33,"column":2},"end":{"line":33,"column":83}}},"fnMap":{"0":{"name":"todayMidnight","decl":{"start":{"line":4,"column":16},"end":{"line":4,"column":29}},"loc":{"start":{"line":4,"column":32},"end":{"line":8,"column":1}},"line":4},"1":{"name":"maxDate","decl":{"start":{"line":10,"column":16},"end":{"line":10,"column":23}},"loc":{"start":{"line":10,"column":26},"end":{"line":14,"column":1}},"line":10},"2":{"name":"isoToDate","decl":{"start":{"line":16,"column":16},"end":{"line":16,"column":25}},"loc":{"start":{"line":16,"column":31},"end":{"line":19,"column":1}},"line":16},"3":{"name":"dateToISO","decl":{"start":{"line":21,"column":16},"end":{"line":21,"column":25}},"loc":{"start":{"line":21,"column":32},"end":{"line":26,"column":1}},"line":21},"4":{"name":"spanishDate","decl":{"start":{"line":28,"column":16},"end":{"line":28,"column":27}},"loc":{"start":{"line":28,"column":33},"end":{"line":34,"column":1}},"line":28}},"branchMap":{"0":{"loc":{"start":{"line":29,"column":2},"end":{"line":29,"column":22}},"type":"if","locations":[{"start":{"line":29,"column":2},"end":{"line":29,"column":22}},{"start":{},"end":{}}],"line":29}},"s":{"0":1,"1":1,"2":10,"3":10,"4":10,"5":3,"6":3,"7":3,"8":8,"9":8,"10":3,"11":3,"12":3,"13":3,"14":4,"15":1,"16":3,"17":3,"18":3,"19":3},"f":{"0":10,"1":3,"2":8,"3":3,"4":4},"b":{"0":[1,3]},"inputSourceMap":null,"_coverageSchema":"1a1c01bbd47fc00a2c39e90264f33305004495a9","hash":"6db12d1c19fbd97dbedf5d075247116eea609e4a"}
,"C:\\Users\\usuario\\OneDrive\\Escritorio\\Agendamiento citas\\js\\utils\\time.js": {"path":"C:\\Users\\usuario\\OneDrive\\Escritorio\\Agendamiento citas\\js\\utils\\time.js","statementMap":{"0":{"start":{"line":2,"column":17},"end":{"line":2,"column":35}},"1":{"start":{"line":3,"column":17},"end":{"line":3,"column":37}},"2":{"start":{"line":4,"column":17},"end":{"line":4,"column":46}},"3":{"start":{"line":5,"column":17},"end":{"line":5,"column":46}},"4":{"start":{"line":6,"column":14},"end":{"line":6,"column":15}},"5":{"start":{"line":7,"column":2},"end":{"line":7,"column":36}},"6":{"start":{"line":7,"column":24},"end":{"line":7,"column":36}},"7":{"start":{"line":8,"column":2},"end":{"line":8,"column":35}},"8":{"start":{"line":8,"column":25},"end":{"line":8,"column":35}},"9":{"start":{"line":9,"column":2},"end":{"line":9,"column":31}},"10":{"start":{"line":13,"column":12},"end":{"line":13,"column":36}},"11":{"start":{"line":14,"column":12},"end":{"line":14,"column":24}},"12":{"start":{"line":15,"column":2},"end":{"line":15,"column":30}},"13":{"start":{"line":15,"column":15},"end":{"line":15,"column":30}},"14":{"start":{"line":16,"column":2},"end":{"line":16,"column":25}}},"fnMap":{"0":{"name":"slotToMinutes","decl":{"start":{"line":1,"column":16},"end":{"line":1,"column":29}},"loc":{"start":{"line":1,"column":36},"end":{"line":10,"column":1}},"line":1},"1":{"name":"formatDuration","decl":{"start":{"line":12,"column":16},"end":{"line":12,"column":30}},"loc":{"start":{"line":12,"column":40},"end":{"line":17,"column":1}},"line":12}},"branchMap":{"0":{"loc":{"start":{"line":7,"column":2},"end":{"line":7,"column":36}},"type":"if","locations":[{"start":{"line":7,"column":2},"end":{"line":7,"column":36}},{"start":{},"end":{}}],"line":7},"1":{"loc":{"start":{"line":7,"column":6},"end":{"line":7,"column":22}},"type":"binary-expr","locations":[{"start":{"line":7,"column":6},"end":{"line":7,"column":10}},{"start":{"line":7,"column":14},"end":{"line":7,"column":22}}],"line":7},"2":{"loc":{"start":{"line":8,"column":2},"end":{"line":8,"column":35}},"type":"if","locations":[{"start":{"line":8,"column":2},"end":{"line":8,"column":35}},{"start":{},"end":{}}],"line":8},"3":{"loc":{"start":{"line":8,"column":6},"end":{"line":8,"column":23}},"type":"binary-expr","locations":[{"start":{"line":8,"column":6},"end":{"line":8,"column":11}},{"start":{"line":8,"column":15},"end":{"line":8,"column":23}}],"line":8},"4":{"loc":{"start":{"line":9,"column":23},"end":{"line":9,"column":29}},"type":"binary-expr","locations":[{"start":{"line":9,"column":23},"end":{"line":9,"column":24}},{"start":{"line":9,"column":28},"end":{"line":9,"column":29}}],"line":9},"5":{"loc":{"start":{"line":15,"column":2},"end":{"line":15,"column":30}},"type":"if","locations":[{"start":{"line":15,"column":2},"end":{"line":15,"column":30}},{"start":{},"end":{}}],"line":15}},"s":{"0":5,"1":5,"2":5,"3":5,"4":5,"5":5,"6":2,"7":5,"8":1,"9":5,"10":4,"11":4,"12":4,"13":3,"14":1},"f":{"0":5,"1":4},"b":{"0":[2,3],"1":[5,3],"2":[1,4],"3":[5,2],"4":[5,5],"5":[3,1]},"inputSourceMap":null,"_coverageSchema":"1a1c01bbd47fc00a2c39e90264f33305004495a9","hash":"d91f366aaee72813824b3fb109482a4fc461b2b7"}
,"C:\\Users\\usuario\\OneDrive\\Escritorio\\Agendamiento citas\\js\\utils\\validation.js": {"path":"C:\\Users\\usuario\\OneDrive\\Escritorio\\Agendamiento citas\\js\\utils\\validation.js","statementMap":{"0":{"start":{"line":2,"column":2},"end":{"line":2,"column":85}},"1":{"start":{"line":6,"column":2},"end":{"line":6,"column":41}}},"fnMap":{"0":{"name":"filterName","decl":{"start":{"line":1,"column":16},"end":{"line":1,"column":26}},"loc":{"start":{"line":1,"column":31},"end":{"line":3,"column":1}},"line":1},"1":{"name":"filterPhone","decl":{"start":{"line":5,"column":16},"end":{"line":5,"column":27}},"loc":{"start":{"line":5,"column":32},"end":{"line":7,"column":1}},"line":5}},"branchMap":{},"s":{"0":4,"1":3},"f":{"0":4,"1":3},"b":{},"inputSourceMap":null,"_coverageSchema":"1a1c01bbd47fc00a2c39e90264f33305004495a9","hash":"1c78ec14c17db4ecc84543401621b2acc1d3eb71"}
}
