TN:
SF:js\utils\dates.js
FN:4,todayMidnight
FN:10,maxDate
FN:16,isoToDate
FN:21,dateToISO
FN:28,spanishDate
FNF:5
FNH:5
FNDA:10,todayMidnight
FNDA:3,maxDate
FNDA:8,isoToDate
FNDA:3,dateToISO
FNDA:4,spanishDate
DA:1,1
DA:2,1
DA:5,10
DA:6,10
DA:7,10
DA:11,3
DA:12,3
DA:13,3
DA:17,8
DA:18,8
DA:22,3
DA:23,3
DA:24,3
DA:25,3
DA:29,4
DA:30,3
DA:31,3
DA:32,3
DA:33,3
LF:19
LH:19
BRDA:29,0,0,1
BRDA:29,0,1,3
BRF:2
BRH:2
end_of_record
TN:
SF:js\utils\time.js
FN:1,slotToMinutes
FN:12,formatDuration
FNF:2
FNH:2
FNDA:5,slotToMinutes
FNDA:4,formatDuration
DA:2,5
DA:3,5
DA:4,5
DA:5,5
DA:6,5
DA:7,5
DA:8,5
DA:9,5
DA:13,4
DA:14,4
DA:15,4
DA:16,1
LF:12
LH:12
BRDA:7,0,0,2
BRDA:7,0,1,3
BRDA:7,1,0,5
BRDA:7,1,1,3
BRDA:8,2,0,1
BRDA:8,2,1,4
BRDA:8,3,0,5
BRDA:8,3,1,2
BRDA:9,4,0,5
BRDA:9,4,1,5
BRDA:15,5,0,3
BRDA:15,5,1,1
BRF:12
BRH:12
end_of_record
TN:
SF:js\utils\validation.js
FN:1,filterName
FN:5,filterPhone
FNF:2
FNH:2
FNDA:4,filterName
FNDA:3,filterPhone
DA:2,4
DA:6,3
LF:2
LH:2
BRF:0
BRH:0
end_of_record
